<?xml version="1.0" encoding="UTF-8" ?>
<testsuite errors="0" failures="0" hostname="AZSL4" name="az.el.JavaEL_Test" skipped="0" tests="19" time="0.098" timestamp="2024-07-15T14:50:04">
  <properties>
[...]
</properties>
  <testcase classname="az.el.JavaEL_Test" name="test_00" time="0.019" />
  <testcase classname="az.el.JavaEL_Test" name="test_01" time="0.001" />
  <testcase classname="az.el.JavaEL_Test" name="test_02" time="0.0" />
  <testcase classname="az.el.JavaEL_Test" name="test_03" time="0.0" />
  <testcase classname="az.el.JavaEL_Test" name="test_04" time="0.0" />
  <testcase classname="az.el.JavaEL_Test" name="test_05" time="0.003" />
  <testcase classname="az.el.JavaEL_Test" name="test_06" time="0.002" />
  <testcase classname="az.el.JavaEL_Test" name="test_0a" time="0.001" />
  <testcase classname="az.el.JavaEL_Test" name="test_0b" time="0.0" />
  <testcase classname="az.el.JavaEL_Test" name="test_0c" time="0.0" />
  <testcase classname="az.el.JavaEL_Test" name="test_0d" time="0.0" />
  <testcase classname="az.el.JavaEL_Test" name="test_0e" time="0.0" />
  <testcase classname="az.el.JavaEL_Test" name="test_0f" time="0.001" />
  <testcase classname="az.el.JavaEL_Test" name="test_0g" time="0.0" />
  <testcase classname="az.el.JavaEL_Test" name="test_0h" time="0.001" />
  <testcase classname="az.el.JavaEL_Test" name="test_0i" time="0.001" />
  <testcase classname="az.el.JavaEL_Test" name="test_0d_0" time="0.001" />
  <testcase classname="az.el.JavaEL_Test" name="test_0d_2" time="0.0" />
  <testcase classname="az.el.JavaEL_Test" name="test_0d_3" time="0.0" />
  <system-out><![CDATA[a
b
c
this-line-from-el
1
iLoveYou
C:\Users\arren
start test...
lord
LucyReading
a@jacky
china
yes
my
lord
a
jacky
hello
china
3
]]></system-out>
  <system-err><![CDATA[]]></system-err>
</testsuite>
